<?xml version="1.0" encoding="UTF-8"?>
<!-- Generated by org.testng.reporters.JUnitReportReporter -->
<testsuite hostname="DESKTOP-D2JO09O" failures="0" tests="10" name="testNGPractice.Threadpoolsize" time="37.227" errors="0" timestamp="2025-07-24T19:46:37 IST" skipped="0">
  <testcase classname="testNGPractice.Threadpoolsize" name="login" time="3.327"/>
  <testcase classname="testNGPractice.Threadpoolsize" name="login" time="3.388"/>
  <testcase classname="testNGPractice.Threadpoolsize" name="login" time="3.328"/>
  <testcase classname="testNGPractice.Threadpoolsize" name="login" time="3.276"/>
  <testcase classname="testNGPractice.Threadpoolsize" name="login" time="3.491"/>
  <testcase classname="testNGPractice.Threadpoolsize" name="login" time="4.256"/>
  <testcase classname="testNGPractice.Threadpoolsize" name="login" time="3.485"/>
  <testcase classname="testNGPractice.Threadpoolsize" name="login" time="3.453"/>
  <testcase classname="testNGPractice.Threadpoolsize" name="login" time="5.737"/>
  <testcase classname="testNGPractice.Threadpoolsize" name="login" time="3.486"/>
</testsuite> <!-- testNGPractice.Threadpoolsize -->
