<?xml version="1.0" encoding="UTF-8"?>
<!-- Generated by org.testng.reporters.JUnitReportReporter -->
<testsuite hostname="DESKTOP-D2JO09O" failures="0" tests="4" name="testNGPractice.Invocationcount" time="45.102" errors="0" timestamp="2025-07-24T19:35:51 IST" skipped="0">
  <testcase classname="testNGPractice.Invocationcount" name="login" time="3.344"/>
  <testcase classname="testNGPractice.Invocationcount" name="login" time="3.429"/>
  <testcase classname="testNGPractice.Invocationcount" name="login" time="34.650"/>
  <testcase classname="testNGPractice.Invocationcount" name="login" time="3.679"/>
</testsuite> <!-- testNGPractice.Invocationcount -->
