<?xml version="1.0" encoding="UTF-8"?>
<!-- Generated by org.testng.reporters.JUnitReportReporter -->
<testsuite hostname="DESKTOP-D2JO09O" failures="0" tests="1" name="testNGPractice.configAnnotation" time="0.028" errors="0" timestamp="2025-07-25T20:11:42 IST" skipped="0">
  <testcase classname="testNGPractice.configAnnotation" name="demo" time="0.028"/>
</testsuite> <!-- testNGPractice.configAnnotation -->
