<?xml version="1.0" encoding="UTF-8"?>
<!-- Generated by org.testng.reporters.JUnitReportReporter -->
<testsuite hostname="DESKTOP-D2JO09O" failures="0" tests="3" name="testNGPractice.Dataprovider" time="0.027" errors="0" timestamp="2025-07-25T19:44:26 IST" skipped="0">
  <testcase classname="testNGPractice.Dataprovider" name="login" time="0.021"/>
  <testcase classname="testNGPractice.Dataprovider" name="login" time="0.002"/>
  <testcase classname="testNGPractice.Dataprovider" name="login" time="0.004"/>
</testsuite> <!-- testNGPractice.Dataprovider -->
