<?xml version="1.0" encoding="UTF-8"?>
<!-- Generated by org.testng.reporters.JUnitReportReporter -->
<testsuite hostname="DESKTOP-D2JO09O" failures="0" tests="5" name="testNGPractice.Enabled" time="0.017" errors="0" timestamp="2025-07-24T19:51:59 IST" skipped="1">
  <testcase classname="testNGPractice.Enabled" name="b12" time="0.002">
    <system-out>
      <![CDATA[b12 executed]]>
    </system-out>
  </testcase> <!-- b12 -->
  <testcase classname="testNGPractice.Enabled" name="a12" time="0.012">
    <system-out>
      <![CDATA[a12 executed]]>
    </system-out>
  </testcase> <!-- a12 -->
  <testcase classname="testNGPractice.Enabled" name="b30" time="0.002">
    <system-out>
      <![CDATA[b30 executed]]>
    </system-out>
  </testcase> <!-- b30 -->
  <testcase classname="testNGPractice.Enabled" name="a13" time="0.001">
    <system-out>
      <![CDATA[a13 executed]]>
    </system-out>
  </testcase> <!-- a13 -->
  <testcase classname="testNGPractice.Enabled" name="a25">
    <skipped/>
  </testcase> <!-- a25 -->
  <system-out>
    <![CDATA[a12 executed
a13 executed
b12 executed
b30 executed]]>
  </system-out>
</testsuite> <!-- testNGPractice.Enabled -->
