<?xml version="1.0" encoding="UTF-8"?>
<!-- Generated by org.testng.reporters.JUnitReportReporter -->
<testsuite hostname="DESKTOP-D2JO09O" failures="0" tests="4" name="testNGPractice.Priority" time="0.016" errors="0" timestamp="2025-07-24T19:32:54 IST" skipped="0">
  <testcase classname="testNGPractice.Priority" name="div" time="0.011">
    <system-out>
      <![CDATA[div]]>
    </system-out>
  </testcase> <!-- div -->
  <testcase classname="testNGPractice.Priority" name="sub" time="0.002">
    <system-out>
      <![CDATA[sub]]>
    </system-out>
  </testcase> <!-- sub -->
  <testcase classname="testNGPractice.Priority" name="mul" time="0.001">
    <system-out>
      <![CDATA[mul]]>
    </system-out>
  </testcase> <!-- mul -->
  <testcase classname="testNGPractice.Priority" name="add" time="0.002">
    <system-out>
      <![CDATA[add]]>
    </system-out>
  </testcase> <!-- add -->
  <system-out>
    <![CDATA[div
sub
mul
add]]>
  </system-out>
</testsuite> <!-- testNGPractice.Priority -->
