<?xml version="1.0" encoding="UTF-8"?>
<!-- Generated by org.testng.reporters.JUnitReportReporter -->
<testsuite hostname="DESKTOP-D2JO09O" failures="0" tests="3" name="testNGPractice.Dependson" time="0.017" errors="0" timestamp="2025-07-24T20:04:10 IST" skipped="0">
  <testcase classname="testNGPractice.Dependson" name="addCart" time="0.014">
    <system-out>
      <![CDATA[Added]]>
    </system-out>
  </testcase> <!-- addCart -->
  <testcase classname="testNGPractice.Dependson" name="deleteCart" time="0.001">
    <system-out>
      <![CDATA[Deleted]]>
    </system-out>
  </testcase> <!-- deleteCart -->
  <testcase classname="testNGPractice.Dependson" name="editCart" time="0.002">
    <system-out>
      <![CDATA[Edited]]>
    </system-out>
  </testcase> <!-- editCart -->
  <system-out>
    <![CDATA[Added
Edited
Deleted]]>
  </system-out>
</testsuite> <!-- testNGPractice.Dependson -->
