<?xml version="1.0" encoding="UTF-8"?>
<!-- Generated by org.testng.reporters.JUnitReportReporter -->
<testsuite hostname="DESKTOP-D2JO09O" failures="0" tests="6" name="testNGPractice.Demo" time="0.020" errors="0" timestamp="2025-07-24T16:29:14 IST" skipped="0">
  <testcase classname="testNGPractice.Demo" name="b30" time="0.002">
    <system-out>
      <![CDATA[b30 executed]]>
    </system-out>
  </testcase> <!-- b30 -->
  <testcase classname="testNGPractice.Demo" name="a25" time="0.001">
    <system-out>
      <![CDATA[a25 executed]]>
    </system-out>
  </testcase> <!-- a25 -->
  <testcase classname="testNGPractice.Demo" name="a12" time="0.011">
    <system-out>
      <![CDATA[a12 executed]]>
    </system-out>
  </testcase> <!-- a12 -->
  <testcase classname="testNGPractice.Demo" name="b10" time="0.002">
    <system-out>
      <![CDATA[b10 executed]]>
    </system-out>
  </testcase> <!-- b10 -->
  <testcase classname="testNGPractice.Demo" name="b12" time="0.002">
    <system-out>
      <![CDATA[b12 executed]]>
    </system-out>
  </testcase> <!-- b12 -->
  <testcase classname="testNGPractice.Demo" name="a13" time="0.002">
    <system-out>
      <![CDATA[a13 executed]]>
    </system-out>
  </testcase> <!-- a13 -->
  <system-out>
    <![CDATA[a12 executed
a13 executed
a25 executed
b10 executed
b12 executed
b30 executed]]>
  </system-out>
</testsuite> <!-- testNGPractice.Demo -->
